Exporter version: 5.6.2, Blender version: 2.79 (sub 0)
========= Conversion from Blender to Babylon.js =========
	Scene settings used:
		selected layers only:  false
		inline textures:  false
		Positions Precision :  4
		Normals Precision   :  3
		UVs Precision       :  3
		Vert Color Precision:  3
		Mat Weight Precision:  2
		texture directory:  /Users/colacx/Code/Aster/source/pansar/
	Python World class constructor completed
	processing begun of mesh:  Suzanne
		WARNING: No materials have been assigned: 
		num positions      :  507
		num normals        :  507
		num uvs            :  0
		num uvs2           :  0
		num colors         :  0
		num indices        :  2904
	processing begun of camera (UniversalCamera):  Camera
	processing begun of light (POINT):  Lamp
========= Writing of scene file started =========
========= Writing of scene file completed =========
========= end of processing =========
elapsed time:  0 min, 0.0591 secs
